14:58:52.212 [info] Child {LoggerFileBackend, :general_log} of Supervisor Logger.Backends.Supervisor started
Pid: #PID<0.118.0>
Start Call: Logger.Backends.Watcher.start_link({{LoggerFileBackend, :general_log}, {LoggerFileBackend, :general_log}})
Restart: :transient
Shutdown: 5000
Type: :worker
14:58:52.212 [info] Child Logger.Backends.Supervisor of Supervisor Logger.Backends.Internal started
Pid: #PID<0.117.0>
Start Call: Logger.Backends.Supervisor.start_link([{LoggerFileBackend, :general_log}])
Restart: :permanent
Shutdown: :infinity
Type: :supervisor
14:58:52.212 [info] Child Logger.Backends.Internal of Supervisor Logger.Supervisor started
Pid: #PID<0.113.0>
Start Call: Logger.Backends.Internal.start_link([])
Restart: :permanent
Shutdown: :infinity
Type: :supervisor
14:58:52.212 [info] Application logger started at :nonode@nohost
14:58:53.474 [info] Child :ttb_autostart of Supervisor :runtime_tools_sup started
Pid: #PID<0.124.0>
Start Call: :ttb_autostart.start_link()
Restart: :temporary
Shutdown: 3000
Type: :worker
14:58:53.474 [info] Application runtime_tools started at :nonode@nohost
14:58:53.476 [info] Application erts started at :nonode@nohost
14:58:53.476 [info] Application lx_lexical_shared started at :nonode@nohost
14:58:53.476 [info] Application lx_sourceror started at :nonode@nohost
14:58:53.476 [info] Application lx_common started at :nonode@nohost
14:58:53.476 [info] Application lx_elixir_sense started at :nonode@nohost
14:58:53.476 [info] Application jason started at :nonode@nohost
14:58:53.476 [info] Application logger_file_backend started at :nonode@nohost
14:58:53.477 [info] Application lx_path_glob started at :nonode@nohost
14:58:53.477 [info] Application lx_proto started at :nonode@nohost
14:58:53.477 [info] Application lx_protocol started at :nonode@nohost
14:58:53.487 [info] Child LXical.Document.Store of Supervisor LXical.Server.Supervisor started
Pid: #PID<0.139.0>
Start Call: LXical.Document.Store.start_link([])
Restart: :permanent
Shutdown: 5000
Type: :worker
14:58:53.488 [info] Child LXical.Server of Supervisor LXical.Server.Supervisor started
Pid: #PID<0.140.0>
Start Call: LXical.Server.start_link([])
Restart: :permanent
Shutdown: 5000
Type: :worker
14:58:53.488 [info] Child LXical.Server.ProjectSupervisor of Supervisor LXical.Server.Supervisor started
Pid: #PID<0.141.0>
Start Call: DynamicSupervisor.start_link([name: LXical.Server.ProjectSupervisor, strategy: :one_for_one])
Restart: :permanent
Shutdown: :infinity
Type: :supervisor
14:58:53.488 [info] Child LXical.Server.Provider.Queue.Supervisor of Supervisor LXical.Server.Supervisor started
Pid: #PID<0.142.0>
Start Call: Task.Supervisor.start_link([name: LXical.Server.Provider.Queue.Supervisor])
Restart: :permanent
Shutdown: :infinity
Type: :supervisor
14:58:53.490 [info] Child LXical.Server.Provider.Queue of Supervisor LXical.Server.Supervisor started
Pid: #PID<0.143.0>
Start Call: LXical.Server.Provider.Queue.start_link([])
Restart: :permanent
Shutdown: 5000
Type: :worker
14:58:53.490 [info] Child LXical.Server.Transport.StdIO of Supervisor LXical.Server.Supervisor started
Pid: #PID<0.144.0>
Start Call: LXical.Server.Transport.StdIO.start_link(:standard_io, &LXical.Server.protocol_message/1)
Restart: :permanent
Shutdown: 5000
Type: :worker
14:58:53.495 [info] Application lx_server started at :nonode@nohost
