14:12:44.373 [info] Child {LoggerFileBackend, :general_log} of Supervisor Logger.Backends.Supervisor started
Pid: #PID<0.118.0>
Start Call: Logger.Backends.Watcher.start_link({{LoggerFileBackend, :general_log}, {LoggerFileBackend, :general_log}})
Restart: :transient
Shutdown: 5000
Type: :worker
14:12:44.373 [info] Child Logger.Backends.Supervisor of Supervisor Logger.Backends.Internal started
Pid: #PID<0.117.0>
Start Call: Logger.Backends.Supervisor.start_link([{LoggerFileBackend, :general_log}])
Restart: :permanent
Shutdown: :infinity
Type: :supervisor
14:12:44.373 [info] Child Logger.Backends.Internal of Supervisor Logger.Supervisor started
Pid: #PID<0.113.0>
Start Call: Logger.Backends.Internal.start_link([])
Restart: :permanent
Shutdown: :infinity
Type: :supervisor
14:12:44.373 [info] Application logger started at :nonode@nohost
14:12:45.551 [info] Child :ttb_autostart of Supervisor :runtime_tools_sup started
Pid: #PID<0.124.0>
Start Call: :ttb_autostart.start_link()
Restart: :temporary
Shutdown: 3000
Type: :worker
14:12:45.551 [info] Application runtime_tools started at :nonode@nohost
14:12:45.553 [info] Application erts started at :nonode@nohost
14:12:45.553 [info] Application lx_lexical_shared started at :nonode@nohost
14:12:45.553 [info] Application lx_sourceror started at :nonode@nohost
14:12:45.553 [info] Application lx_common started at :nonode@nohost
14:12:45.553 [info] Application lx_elixir_sense started at :nonode@nohost
14:12:45.553 [info] Application jason started at :nonode@nohost
14:12:45.554 [info] Application logger_file_backend started at :nonode@nohost
14:12:45.554 [info] Application lx_path_glob started at :nonode@nohost
14:12:45.554 [info] Application lx_proto started at :nonode@nohost
14:12:45.554 [info] Application lx_protocol started at :nonode@nohost
14:12:45.564 [info] Child LXical.Document.Store of Supervisor LXical.Server.Supervisor started
Pid: #PID<0.139.0>
Start Call: LXical.Document.Store.start_link([])
Restart: :permanent
Shutdown: 5000
Type: :worker
14:12:45.565 [info] Child LXical.Server of Supervisor LXical.Server.Supervisor started
Pid: #PID<0.140.0>
Start Call: LXical.Server.start_link([])
Restart: :permanent
Shutdown: 5000
Type: :worker
14:12:45.565 [info] Child LXical.Server.ProjectSupervisor of Supervisor LXical.Server.Supervisor started
Pid: #PID<0.141.0>
Start Call: DynamicSupervisor.start_link([name: LXical.Server.ProjectSupervisor, strategy: :one_for_one])
Restart: :permanent
Shutdown: :infinity
Type: :supervisor
14:12:45.565 [info] Child LXical.Server.Provider.Queue.Supervisor of Supervisor LXical.Server.Supervisor started
Pid: #PID<0.142.0>
Start Call: Task.Supervisor.start_link([name: LXical.Server.Provider.Queue.Supervisor])
Restart: :permanent
Shutdown: :infinity
Type: :supervisor
14:12:45.566 [info] Child LXical.Server.Provider.Queue of Supervisor LXical.Server.Supervisor started
Pid: #PID<0.143.0>
Start Call: LXical.Server.Provider.Queue.start_link([])
Restart: :permanent
Shutdown: 5000
Type: :worker
14:12:45.566 [info] Child LXical.Server.Transport.StdIO of Supervisor LXical.Server.Supervisor started
Pid: #PID<0.144.0>
Start Call: LXical.Server.Transport.StdIO.start_link(:standard_io, &LXical.Server.protocol_message/1)
Restart: :permanent
Shutdown: 5000
Type: :worker
14:12:45.572 [info] Application lx_server started at :nonode@nohost
14:12:45.578 [info] Starting project at uri 
14:12:45.581 [info] Lexical Initialized
14:12:45.582 [info] opened file:///Users/zoedsoupe/dev/zeetech/ativar/lib/ativar/application.ex
14:12:46.664 [error] GenServer LXical.Server terminating
** (FunctionClauseError) no function clause matching in IO.chardata_to_string/1
    (elixir 1.15.7) lib/io.ex:671: IO.chardata_to_string(nil)
    (elixir 1.15.7) lib/path.ex:383: Path.basename/1
    (lx_lexical_shared 0.0.1) lib/lexical/project.ex:61: LXical.Project.name/1
    (lx_lexical_shared 0.0.1) lib/lexical/project.ex:81: LXical.Project.node_name/1
    (lx_remote_control 0.3.0) lib/lexical/remote_control.ex:48: LXical.RemoteControl.call/4
    (lx_server 0.3.0) lib/lexical/server/state.ex:123: LXical.Server.State.apply/2
    (lx_server 0.3.0) lib/lexical/server.ex:129: LXical.Server.apply_to_state/2
    (lx_server 0.3.0) lib/lexical/server.ex:107: LXical.Server.handle_message/2
Last message: {:"$gen_cast", {:protocol_message, %LXical.Protocol.Notifications.DidChange{lsp: %LXical.Protocol.Notifications.DidChange.LSP{jsonrpc: "2.0", method: "textDocument/didChange", content_changes: [#Protocol.Types.TextDocument.ContentChangeEvent.TextDocumentContentChangeEvent<[range: #Protocol.Types.Range<[start: #Protocol.Types.Position<[line: 10, character: 0]>, end: #Protocol.Types.Position<[line: 11, character: 0]>]>, text: ""]>], text_document: #Protocol.Types.TextDocument.Versioned.Identifier<[version: 1, uri: "file:///Users/zoedsoupe/dev/zeetech/ativar/lib/ativar/application.ex"]>}, document: nil, jsonrpc: "2.0", method: "textDocument/didChange", content_changes: nil, text_document: nil}}}
State: %LXical.Server.State{configuration: %LXical.Server.Configuration{project: %LXical.Project{root_uri: nil, mix_exs_uri: nil, mix_project?: false, mix_env: nil, mix_target: nil, env_variables: %{}, project_module: nil, entropy: 22586, project_config: []}, support: %LXical.Server.Configuration.Support{code_action_dynamic_registration: false, hierarchical_symbols: false, snippet: true, deprecated: true, tags: #Protocol.Types.Completion.ClientCapabilities.TagSupport<[value_set: [:deprecated]]>, signature_help: #Protocol.Types.SignatureHelp.ClientCapabilities<[signature_information: #Protocol.Types.SignatureHelp.ClientCapabilities.SignatureInformation<[documentation_format: [:markdown], active_parameter_support: true, parameter_information: #Protocol.Types.SignatureHelp.ClientCapabilities.ParameterInformation<[label_offset_support: true]>]>]>, work_done_progress: true}, client_name: "helix", additional_watched_extensions: nil, dialyzer_enabled?: false}, initialized?: true, shutdown_received?: false}
14:12:46.678 [error] Process LXical.Server (#PID<0.140.0>) terminating
** (FunctionClauseError) no function clause matching in IO.chardata_to_string/1
    (elixir 1.15.7) lib/io.ex:671: IO.chardata_to_string(nil)
    (elixir 1.15.7) lib/path.ex:383: Path.basename/1
    (lx_lexical_shared 0.0.1) lib/lexical/project.ex:61: LXical.Project.name/1
    (lx_lexical_shared 0.0.1) lib/lexical/project.ex:81: LXical.Project.node_name/1
    (lx_remote_control 0.3.0) lib/lexical/remote_control.ex:48: LXical.RemoteControl.call/4
    (lx_server 0.3.0) lib/lexical/server/state.ex:123: LXical.Server.State.apply/2
    (lx_server 0.3.0) lib/lexical/server.ex:129: LXical.Server.apply_to_state/2
    (lx_server 0.3.0) lib/lexical/server.ex:107: LXical.Server.handle_message/2
Initial Call: LXical.Server.init/1
Ancestors: [LXical.Server.Supervisor, #PID<0.137.0>]
Message Queue Length: 0
Messages: []
Links: [#PID<0.138.0>]
Dictionary: [rand_seed: {%{type: :exsss, next: #Function<0.65977474/1 in :rand.exsss_next>, bits: 58, uniform: #Function<1.65977474/1 in :rand.exsss_uniform>, uniform_n: #Function<2.65977474/2 in :rand.exsss_uniform>, jump: #Function<3.65977474/1 in :rand.exsplus_jump>}, [137719911076250753 | 193643044647676208]}]
Trapping Exits: false
Status: :running
Heap Size: 6772
Stack Size: 28
Reductions: 21243
14:12:46.678 [error] Child LXical.Server of Supervisor LXical.Server.Supervisor terminated
** (exit) an exception was raised:
    ** (FunctionClauseError) no function clause matching in IO.chardata_to_string/1
        (elixir 1.15.7) lib/io.ex:671: IO.chardata_to_string(nil)
        (elixir 1.15.7) lib/path.ex:383: Path.basename/1
        (lx_lexical_shared 0.0.1) lib/lexical/project.ex:61: LXical.Project.name/1
        (lx_lexical_shared 0.0.1) lib/lexical/project.ex:81: LXical.Project.node_name/1
        (lx_remote_control 0.3.0) lib/lexical/remote_control.ex:48: LXical.RemoteControl.call/4
        (lx_server 0.3.0) lib/lexical/server/state.ex:123: LXical.Server.State.apply/2
        (lx_server 0.3.0) lib/lexical/server.ex:129: LXical.Server.apply_to_state/2
        (lx_server 0.3.0) lib/lexical/server.ex:107: LXical.Server.handle_message/2
Pid: #PID<0.140.0>
Start Call: LXical.Server.start_link([])
Restart: :permanent
Shutdown: 5000
Type: :worker
14:12:46.678 [info] Child LXical.Server of Supervisor LXical.Server.Supervisor started
Pid: #PID<0.145.0>
Start Call: LXical.Server.start_link([])
Restart: :permanent
Shutdown: 5000
Type: :worker
14:12:48.295 [error] Received textDocument/didChange before server was initialized
14:12:48.298 [error] Failed to handle Elixir.LXical.Protocol.Notifications.DidChange, {{:error, :not_initialized}, %LXical.Server.State{configuration: nil, initialized?: false, shutdown_received?: false}}
14:12:48.298 [error] Could not handle message LXical.Protocol.Notifications.DidChange :ok
14:12:54.210 [error] Received textDocument/didSave before server was initialized
14:12:54.212 [error] Failed to handle Elixir.LXical.Protocol.Notifications.DidSave, {{:error, :not_initialized}, %LXical.Server.State{configuration: nil, initialized?: false, shutdown_received?: false}}
14:12:54.212 [error] Could not handle message LXical.Protocol.Notifications.DidSave :ok
14:12:54.212 [error] Received shutdown before server was initialized
14:12:54.213 [error] Failed to handle Elixir.LXical.Protocol.Requests.Shutdown, {{:error, :not_initialized}, %LXical.Server.State{configuration: nil, initialized?: false, shutdown_received?: false}}
14:12:54.213 [error] Could not handle message LXical.Protocol.Requests.Shutdown :ok
14:12:54.213 [error] Received workspace/didChangeWatchedFiles before server was initialized
14:12:54.214 [error] Failed to handle Elixir.LXical.Protocol.Notifications.DidChangeWatchedFiles, {{:error, :not_initialized}, %LXical.Server.State{configuration: nil, initialized?: false, shutdown_received?: false}}
14:12:54.214 [error] Could not handle message LXical.Protocol.Notifications.DidChangeWatchedFiles :ok
