16:55:55.570 [info] Child {LoggerFileBackend, :general_log} of Supervisor Logger.Backends.Supervisor started
Pid: #PID<0.113.0>
Start Call: Logger.Backends.Watcher.start_link({{LoggerFileBackend, :general_log}, {LoggerFileBackend, :general_log}})
Restart: :transient
Shutdown: 5000
Type: :worker
16:55:55.570 [info] Child Logger.Backends.Supervisor of Supervisor Logger.Backends.Internal started
Pid: #PID<0.112.0>
Start Call: Logger.Backends.Supervisor.start_link([{LoggerFileBackend, :general_log}])
Restart: :permanent
Shutdown: :infinity
Type: :supervisor
16:55:55.570 [info] Child Logger.Backends.Internal of Supervisor Logger.Supervisor started
Pid: #PID<0.108.0>
Start Call: Logger.Backends.Internal.start_link([])
Restart: :permanent
Shutdown: :infinity
Type: :supervisor
16:55:55.570 [info] Application logger started at :nonode@nohost
16:55:57.092 [info] Child :ttb_autostart of Supervisor :runtime_tools_sup started
Pid: #PID<0.119.0>
Start Call: :ttb_autostart.start_link()
Restart: :temporary
Shutdown: 3000
Type: :worker
16:55:57.092 [info] Application runtime_tools started at :nonode@nohost
16:55:57.094 [info] Application erts started at :nonode@nohost
16:55:57.094 [info] Application lx_lexical_shared started at :nonode@nohost
16:55:57.094 [info] Application lx_sourceror started at :nonode@nohost
16:55:57.094 [info] Application lx_common started at :nonode@nohost
16:55:57.094 [info] Application lx_elixir_sense started at :nonode@nohost
16:55:57.099 [info] Application jason started at :nonode@nohost
16:55:57.099 [info] Application logger_file_backend started at :nonode@nohost
16:55:57.099 [info] Application lx_path_glob started at :nonode@nohost
16:55:57.099 [info] Application lx_proto started at :nonode@nohost
16:55:57.099 [info] Application lx_protocol started at :nonode@nohost
16:55:57.110 [info] Child LXical.Document.Store of Supervisor LXical.Server.Supervisor started
Pid: #PID<0.134.0>
Start Call: LXical.Document.Store.start_link([derive: [analysis: &LXical.Ast.analyze/1]])
Restart: :permanent
Shutdown: 5000
Type: :worker
16:55:57.112 [info] Child LXical.Server of Supervisor LXical.Server.Supervisor started
Pid: #PID<0.135.0>
Start Call: LXical.Server.start_link([])
Restart: :permanent
Shutdown: 5000
Type: :worker
16:55:57.112 [info] Child LXical.Server.ProjectSupervisor of Supervisor LXical.Server.Supervisor started
Pid: #PID<0.136.0>
Start Call: DynamicSupervisor.start_link([name: LXical.Server.ProjectSupervisor, strategy: :one_for_one])
Restart: :permanent
Shutdown: :infinity
Type: :supervisor
16:55:57.112 [info] Child LXical.Server.Provider.Queue.Supervisor of Supervisor LXical.Server.Supervisor started
Pid: #PID<0.137.0>
Start Call: Task.Supervisor.start_link([name: LXical.Server.Provider.Queue.Supervisor])
Restart: :permanent
Shutdown: :infinity
Type: :supervisor
16:55:57.114 [info] Child LXical.Server.Provider.Queue of Supervisor LXical.Server.Supervisor started
Pid: #PID<0.138.0>
Start Call: LXical.Server.Provider.Queue.start_link([])
Restart: :permanent
Shutdown: 5000
Type: :worker
16:55:57.114 [info] Child LXical.Server.Transport.StdIO of Supervisor LXical.Server.Supervisor started
Pid: #PID<0.139.0>
Start Call: LXical.Server.Transport.StdIO.start_link(:standard_io, &LXical.Server.protocol_message/1)
Restart: :permanent
Shutdown: 5000
Type: :worker
16:55:57.114 [info] Application lx_server started at :nonode@nohost
16:55:57.125 [info] Starting project at uri file:///Users/zoedsoupe/dev/zeetech/ativar
16:55:57.137 [info] Child {LXical.Server.Project.Progress, "ativar"} of Supervisor :"ativar::supervisor" started
Pid: #PID<0.141.0>
Start Call: LXical.Server.Project.Progress.start_link(%LXical.Project{root_uri: "file:///Users/zoedsoupe/dev/zeetech/ativar", mix_exs_uri: "file:///Users/zoedsoupe/dev/zeetech/ativar/mix.exs", mix_project?: true, mix_env: nil, mix_target: nil, env_variables: %{}, project_module: nil, entropy: 26254, project_config: []})
Restart: :permanent
Shutdown: 5000
Type: :worker
16:55:57.141 [info] Child {LXical.RemoteControl.ProjectNodeSupervisor, "ativar"} of Supervisor :"ativar::supervisor" started
Pid: #PID<0.142.0>
Start Call: LXical.RemoteControl.ProjectNodeSupervisor.start_link(%LXical.Project{root_uri: "file:///Users/zoedsoupe/dev/zeetech/ativar", mix_exs_uri: "file:///Users/zoedsoupe/dev/zeetech/ativar/mix.exs", mix_project?: true, mix_env: nil, mix_target: nil, env_variables: %{}, project_module: nil, entropy: 26254, project_config: []})
Restart: :permanent
Shutdown: 5000
Type: :worker
16:55:57.167 [info] Child :erl_epmd of Supervisor :net_sup started
Pid: #PID<0.145.0>
Start Call: :erl_epmd.start_link()
Restart: :permanent
Shutdown: 2000
Type: :worker
16:55:57.175 [info] Child :auth of Supervisor :net_sup started
Pid: #PID<0.146.0>
Start Call: :auth.start_link()
Restart: :permanent
Shutdown: 2000
Type: :worker
16:55:57.182 [info] Child :net_kernel of Supervisor :net_sup started
Pid: #PID<0.147.0>
Start Call: :net_kernel.start_link(%{clean_halt: false, name: :"manager-ativar-26254@127.0.0.1", name_domain: :longnames, net_tickintensity: 4, net_ticktime: 60, supervisor: :net_sup_dynamic})
Restart: :permanent
Shutdown: 2000
Type: :worker
16:55:57.183 [info] Child :net_sup_dynamic of Supervisor :kernel_sup started
Pid: #PID<0.144.0>
Start Call: :erl_distribution.start_link(%{clean_halt: false, name: :"manager-ativar-26254@127.0.0.1", name_domain: :longnames, net_tickintensity: 4, net_ticktime: 60, supervisor: :net_sup_dynamic})
Restart: :permanent
Shutdown: 1000
Type: :supervisor
16:55:57.515 [info] Child {LXical.Server.Project.Node, "ativar"} of Supervisor :"ativar::supervisor" started
Pid: #PID<0.143.0>
Start Call: LXical.Server.Project.Node.start_link(%LXical.Project{root_uri: "file:///Users/zoedsoupe/dev/zeetech/ativar", mix_exs_uri: "file:///Users/zoedsoupe/dev/zeetech/ativar/mix.exs", mix_project?: true, mix_env: nil, mix_target: nil, env_variables: %{}, project_module: nil, entropy: 26254, project_config: []})
Restart: :permanent
Shutdown: 5000
Type: :worker
16:55:57.518 [info] Child {LXical.Server.Project.Diagnostics, "ativar"} of Supervisor :"ativar::supervisor" started
Pid: #PID<0.155.0>
Start Call: LXical.Server.Project.Diagnostics.start_link(%LXical.Project{root_uri: "file:///Users/zoedsoupe/dev/zeetech/ativar", mix_exs_uri: "file:///Users/zoedsoupe/dev/zeetech/ativar/mix.exs", mix_project?: true, mix_env: nil, mix_target: nil, env_variables: %{}, project_module: nil, entropy: 26254, project_config: []})
Restart: :permanent
Shutdown: 5000
Type: :worker
16:55:57.521 [info] Child {LXical.Server.Project.Intelligence, "ativar"} of Supervisor :"ativar::supervisor" started
Pid: #PID<0.156.0>
Start Call: LXical.Server.Project.Intelligence.start_link(%LXical.Project{root_uri: "file:///Users/zoedsoupe/dev/zeetech/ativar", mix_exs_uri: "file:///Users/zoedsoupe/dev/zeetech/ativar/mix.exs", mix_project?: true, mix_env: nil, mix_target: nil, env_variables: %{}, project_module: nil, entropy: 26254, project_config: []})
Restart: :permanent
Shutdown: 5000
Type: :worker
16:55:57.523 [info] Lexical Initialized
16:55:57.523 [info] opened file:///Users/zoedsoupe/dev/zeetech/ativar/lib/ativar/pagamentos/parcela.ex
16:56:00.371 [error] Shutting down
